This is pdfTeX, Version 3.1415926-2.5-1.40.14 (TeX Live 2013/Debian) (format=pdflatex 2014.8.31)  30 OCT 2014 22:25
entering extended mode
 restricted \write18 enabled.
 %&-line parsing enabled.
**Nwala_Assignment6_Report
(./Nwala_Assignment6_Report.tex
LaTeX2e <2011/06/27>
Babel <3.9h> and hyphenation patterns for 78 languages loaded.
(/usr/share/texlive/texmf-dist/tex/latex/base/article.cls
Document Class: article 2007/10/19 v1.4h Standard LaTeX document class
(/usr/share/texlive/texmf-dist/tex/latex/base/size10.clo
File: size10.clo 2007/10/19 v1.4h Standard LaTeX file (size option)
)
\c@part=\count79
\c@section=\count80
\c@subsection=\count81
\c@subsubsection=\count82
\c@paragraph=\count83
\c@subparagraph=\count84
\c@figure=\count85
\c@table=\count86
\abovecaptionskip=\skip41
\belowcaptionskip=\skip42
\bibindent=\dimen102
)
(/usr/share/texlive/texmf-dist/tex/latex/fancyhdr/fancyhdr.sty
\fancy@headwidth=\skip43
\f@ncyO@elh=\skip44
\f@ncyO@erh=\skip45
\f@ncyO@olh=\skip46
\f@ncyO@orh=\skip47
\f@ncyO@elf=\skip48
\f@ncyO@erf=\skip49
\f@ncyO@olf=\skip50
\f@ncyO@orf=\skip51
)
(/usr/share/texlive/texmf-dist/tex/latex/lastpage/lastpage.sty
Package: lastpage 2013/01/28 v1.2l Refers to last page's name (HMM; JPG)
)
(/usr/share/texlive/texmf-dist/tex/latex/fancyhdr/extramarks.sty
\@temptokenb=\toks14
)
(/usr/share/texlive/texmf-dist/tex/latex/graphics/color.sty
Package: color 2005/11/14 v1.0j Standard LaTeX Color (DPC)

(/usr/share/texlive/texmf-dist/tex/latex/latexconfig/color.cfg
File: color.cfg 2007/01/18 v1.5 color configuration of teTeX/TeXLive
)
Package color Info: Driver file: pdftex.def on input line 130.

(/usr/share/texlive/texmf-dist/tex/latex/pdftex-def/pdftex.def
File: pdftex.def 2011/05/27 v0.06d Graphics/color for pdfTeX

(/usr/share/texlive/texmf-dist/tex/generic/oberdiek/infwarerr.sty
Package: infwarerr 2010/04/08 v1.3 Providing info/warning/error messages (HO)
)
(/usr/share/texlive/texmf-dist/tex/generic/oberdiek/ltxcmds.sty
Package: ltxcmds 2011/11/09 v1.22 LaTeX kernel commands for general use (HO)
)
\Gread@gobject=\count87
)
(/usr/share/texlive/texmf-dist/tex/latex/graphics/dvipsnam.def
File: dvipsnam.def 1999/02/16 v3.0i Driver-dependant file (DPC,SPQR)
))
(/usr/share/texlive/texmf-dist/tex/latex/graphics/graphicx.sty
Package: graphicx 1999/02/16 v1.0f Enhanced LaTeX Graphics (DPC,SPQR)

(/usr/share/texlive/texmf-dist/tex/latex/graphics/keyval.sty
Package: keyval 1999/03/16 v1.13 key=value parser (DPC)
\KV@toks@=\toks15
)
(/usr/share/texlive/texmf-dist/tex/latex/graphics/graphics.sty
Package: graphics 2009/02/05 v1.0o Standard LaTeX Graphics (DPC,SPQR)

(/usr/share/texlive/texmf-dist/tex/latex/graphics/trig.sty
Package: trig 1999/03/16 v1.09 sin cos tan (DPC)
)
(/usr/share/texlive/texmf-dist/tex/latex/latexconfig/graphics.cfg
File: graphics.cfg 2010/04/23 v1.9 graphics configuration of TeX Live
)
Package graphics Info: Driver file: pdftex.def on input line 91.
)
\Gin@req@height=\dimen103
\Gin@req@width=\dimen104
)
(/usr/share/texlive/texmf-dist/tex/latex/listings/listings.sty
\lst@mode=\count88
\lst@gtempboxa=\box26
\lst@token=\toks16
\lst@length=\count89
\lst@currlwidth=\dimen105
\lst@column=\count90
\lst@pos=\count91
\lst@lostspace=\dimen106
\lst@width=\dimen107
\lst@newlines=\count92
\lst@lineno=\count93
\lst@maxwidth=\dimen108

(/usr/share/texlive/texmf-dist/tex/latex/listings/lstmisc.sty
File: lstmisc.sty 2013/08/26 1.5b (Carsten Heinz)
\c@lstnumber=\count94
\lst@skipnumbers=\count95
\lst@framebox=\box27
)
(/usr/share/texlive/texmf-dist/tex/latex/listings/listings.cfg
File: listings.cfg 2013/08/26 1.5b listings configuration
))
Package: listings 2013/08/26 1.5b (Carsten Heinz)

(/usr/share/texlive/texmf-dist/tex/latex/psnfss/courier.sty
Package: courier 2005/04/12 PSNFSS-v9.2a (WaS) 
)
(/usr/share/texlive/texmf-dist/tex/latex/lipsum/lipsum.sty
Package: lipsum 2011/04/14 v1.2 150 paragraphs of Lorem Ipsum dummy text
\c@lips@count=\count96
)
(/usr/share/texlive/texmf-dist/tex/latex/setspace/setspace.sty
Package: setspace 2011/12/19 v6.7a set line spacing
)
(/usr/share/texlive/texmf-dist/tex/latex/comment/comment.sty
\CommentStream=\write3

Excluding comment 'comment')
(/usr/share/texlive/texmf-dist/tex/latex/caption/caption.sty
Package: caption 2013/05/02 v3.3-89 Customizing captions (AR)

(/usr/share/texlive/texmf-dist/tex/latex/caption/caption3.sty
Package: caption3 2013/05/02 v1.6-88 caption3 kernel (AR)
Package caption3 Info: TeX engine: e-TeX on input line 57.
\captionmargin=\dimen109
\captionmargin@=\dimen110
\captionwidth=\dimen111
\caption@tempdima=\dimen112
\caption@indent=\dimen113
\caption@parindent=\dimen114
\caption@hangindent=\dimen115
)
\c@ContinuedFloat=\count97
Package caption Info: listings package is loaded.
)
(/usr/share/texlive/texmf-dist/tex/latex/hyperref/hyperref.sty
Package: hyperref 2012/11/06 v6.83m Hypertext links for LaTeX

(/usr/share/texlive/texmf-dist/tex/generic/oberdiek/hobsub-hyperref.sty
Package: hobsub-hyperref 2012/05/28 v1.13 Bundle oberdiek, subset hyperref (HO)


(/usr/share/texlive/texmf-dist/tex/generic/oberdiek/hobsub-generic.sty
Package: hobsub-generic 2012/05/28 v1.13 Bundle oberdiek, subset generic (HO)
Package: hobsub 2012/05/28 v1.13 Construct package bundles (HO)
Package hobsub Info: Skipping package `infwarerr' (already loaded).
Package hobsub Info: Skipping package `ltxcmds' (already loaded).
Package: ifluatex 2010/03/01 v1.3 Provides the ifluatex switch (HO)
Package ifluatex Info: LuaTeX not detected.
Package: ifvtex 2010/03/01 v1.5 Detect VTeX and its facilities (HO)
Package ifvtex Info: VTeX not detected.
Package: intcalc 2007/09/27 v1.1 Expandable calculations with integers (HO)
Package: ifpdf 2011/01/30 v2.3 Provides the ifpdf switch (HO)
Package ifpdf Info: pdfTeX in PDF mode is detected.
Package: etexcmds 2011/02/16 v1.5 Avoid name clashes with e-TeX commands (HO)
Package etexcmds Info: Could not find \expanded.
(etexcmds)             That can mean that you are not using pdfTeX 1.50 or
(etexcmds)             that some package has redefined \expanded.
(etexcmds)             In the latter case, load this package earlier.
Package: kvsetkeys 2012/04/25 v1.16 Key value parser (HO)
Package: kvdefinekeys 2011/04/07 v1.3 Define keys (HO)
Package: pdftexcmds 2011/11/29 v0.20 Utility functions of pdfTeX for LuaTeX (HO
)
Package pdftexcmds Info: LuaTeX not detected.
Package pdftexcmds Info: \pdf@primitive is available.
Package pdftexcmds Info: \pdf@ifprimitive is available.
Package pdftexcmds Info: \pdfdraftmode found.
Package: pdfescape 2011/11/25 v1.13 Implements pdfTeX's escape features (HO)
Package: bigintcalc 2012/04/08 v1.3 Expandable calculations on big integers (HO
)
Package: bitset 2011/01/30 v1.1 Handle bit-vector datatype (HO)
Package: uniquecounter 2011/01/30 v1.2 Provide unlimited unique counter (HO)
)
Package hobsub Info: Skipping package `hobsub' (already loaded).
Package: letltxmacro 2010/09/02 v1.4 Let assignment for LaTeX macros (HO)
Package: hopatch 2012/05/28 v1.2 Wrapper for package hooks (HO)
Package: xcolor-patch 2011/01/30 xcolor patch
Package: atveryend 2011/06/30 v1.8 Hooks at the very end of document (HO)
Package atveryend Info: \enddocument detected (standard20110627).
Package: atbegshi 2011/10/05 v1.16 At begin shipout hook (HO)
Package: refcount 2011/10/16 v3.4 Data extraction from label references (HO)
Package: hycolor 2011/01/30 v1.7 Color options for hyperref/bookmark (HO)
)
(/usr/share/texlive/texmf-dist/tex/generic/ifxetex/ifxetex.sty
Package: ifxetex 2010/09/12 v0.6 Provides ifxetex conditional
)
(/usr/share/texlive/texmf-dist/tex/latex/oberdiek/auxhook.sty
Package: auxhook 2011/03/04 v1.3 Hooks for auxiliary files (HO)
)
(/usr/share/texlive/texmf-dist/tex/latex/oberdiek/kvoptions.sty
Package: kvoptions 2011/06/30 v3.11 Key value format for package options (HO)
)
\@linkdim=\dimen116
\Hy@linkcounter=\count98
\Hy@pagecounter=\count99

(/usr/share/texlive/texmf-dist/tex/latex/hyperref/pd1enc.def
File: pd1enc.def 2012/11/06 v6.83m Hyperref: PDFDocEncoding definition (HO)
)
\Hy@SavedSpaceFactor=\count100

(/usr/share/texlive/texmf-dist/tex/latex/latexconfig/hyperref.cfg
File: hyperref.cfg 2002/06/06 v1.2 hyperref configuration of TeXLive
)
Package hyperref Info: Hyper figures OFF on input line 4443.
Package hyperref Info: Link nesting OFF on input line 4448.
Package hyperref Info: Hyper index ON on input line 4451.
Package hyperref Info: Plain pages OFF on input line 4458.
Package hyperref Info: Backreferencing OFF on input line 4463.
Package hyperref Info: Implicit mode ON; LaTeX internals redefined.
Package hyperref Info: Bookmarks ON on input line 4688.
\c@Hy@tempcnt=\count101

(/usr/share/texlive/texmf-dist/tex/latex/url/url.sty
\Urlmuskip=\muskip10
Package: url 2013/09/16  ver 3.4  Verb mode for urls, etc.
)
LaTeX Info: Redefining \url on input line 5041.
\XeTeXLinkMargin=\dimen117
\Fld@menulength=\count102
\Field@Width=\dimen118
\Fld@charsize=\dimen119
Package hyperref Info: Hyper figures OFF on input line 6295.
Package hyperref Info: Link nesting OFF on input line 6300.
Package hyperref Info: Hyper index ON on input line 6303.
Package hyperref Info: backreferencing OFF on input line 6310.
Package hyperref Info: Link coloring OFF on input line 6315.
Package hyperref Info: Link coloring with OCG OFF on input line 6320.
Package hyperref Info: PDF/A mode OFF on input line 6325.
LaTeX Info: Redefining \ref on input line 6365.
LaTeX Info: Redefining \pageref on input line 6369.
\Hy@abspage=\count103
\c@Item=\count104
\c@Hfootnote=\count105
)

Package hyperref Message: Driver (autodetected): hpdftex.

(/usr/share/texlive/texmf-dist/tex/latex/hyperref/hpdftex.def
File: hpdftex.def 2012/11/06 v6.83m Hyperref driver for pdfTeX
\Fld@listcount=\count106
\c@bookmark@seq@number=\count107

(/usr/share/texlive/texmf-dist/tex/latex/oberdiek/rerunfilecheck.sty
Package: rerunfilecheck 2011/04/15 v1.7 Rerun checks for auxiliary files (HO)
Package uniquecounter Info: New unique counter `rerunfilecheck' on input line 2
82.
)
\Hy@SectionHShift=\skip52
)
(/usr/share/texlive/texmf-dist/tex/latex/natbib/natbib.sty
Package: natbib 2010/09/13 8.31b (PWD, AO)
\bibhang=\skip53
\bibsep=\skip54
LaTeX Info: Redefining \cite on input line 694.
\c@NAT@ctr=\count108
)
(/usr/share/texlive/texmf-dist/tex/latex/underscore/underscore.sty
Package: underscore 2006/09/13
LaTeX Info: Redefining \_ on input line 42.
)
(/usr/share/texlive/texmf-dist/tex/latex/subfigure/subfigure.sty
Package: subfigure 2002/03/15 v2.1.5 subfigure package
\subfigtopskip=\skip55
\subfigcapskip=\skip56
\subfigcaptopadj=\dimen120
\subfigbottomskip=\skip57
\subfigcapmargin=\dimen121
\subfiglabelskip=\skip58
\c@subfigure=\count109
\c@lofdepth=\count110
\c@subtable=\count111
\c@lotdepth=\count112

****************************************
* Local config file subfigure.cfg used *
****************************************
(/usr/share/texlive/texmf-dist/tex/latex/subfigure/subfigure.cfg)
\subfig@top=\skip59
\subfig@bottom=\skip60
)
Package hyperref Info: Option `colorlinks' set `true' on input line 53.
Package hyperref Info: Option `breaklinks' set `true' on input line 53.

(/usr/share/texlive/texmf-dist/tex/latex/pdfpages/pdfpages.sty
Package: pdfpages 2013/08/25 v0.4v Insert pages of external PDF documents (AM)

(/usr/share/texlive/texmf-dist/tex/latex/base/ifthen.sty
Package: ifthen 2001/05/26 v1.1c Standard LaTeX ifthen package (DPC)
)
(/usr/share/texlive/texmf-dist/tex/latex/tools/calc.sty
Package: calc 2007/08/22 v4.3 Infix arithmetic (KKT,FJ)
\calc@Acount=\count113
\calc@Bcount=\count114
\calc@Adimen=\dimen122
\calc@Bdimen=\dimen123
\calc@Askip=\skip61
\calc@Bskip=\skip62
LaTeX Info: Redefining \setlength on input line 76.
LaTeX Info: Redefining \addtolength on input line 77.
\calc@Ccount=\count115
\calc@Cskip=\skip63
)
(/usr/share/texlive/texmf-dist/tex/latex/eso-pic/eso-pic.sty
Package: eso-pic 2013/10/06 v2.0d eso-pic (RN)
)
(/usr/share/texlive/texmf-dist/tex/latex/pdfpages/pppdftex.def
File: pppdftex.def 2013/08/25 v0.4v Pdfpages driver for pdfTeX (AM)
)
\AM@pagebox=\box28
\AM@toc@title=\toks17
\c@AM@survey=\count116
\AM@templatesizebox=\box29
)
(/usr/share/texlive/texmf-dist/tex/latex/listings/lstlang1.sty
File: lstlang1.sty 2013/08/26 1.5b listings language file
)
\c@homeworkProblemCounter=\count117

(./Nwala_Assignment6_Report.aux)
\openout1 = `Nwala_Assignment6_Report.aux'.

LaTeX Font Info:    Checking defaults for OML/cmm/m/it on input line 214.
LaTeX Font Info:    ... okay on input line 214.
LaTeX Font Info:    Checking defaults for T1/cmr/m/n on input line 214.
LaTeX Font Info:    ... okay on input line 214.
LaTeX Font Info:    Checking defaults for OT1/cmr/m/n on input line 214.
LaTeX Font Info:    ... okay on input line 214.
LaTeX Font Info:    Checking defaults for OMS/cmsy/m/n on input line 214.
LaTeX Font Info:    ... okay on input line 214.
LaTeX Font Info:    Checking defaults for OMX/cmex/m/n on input line 214.
LaTeX Font Info:    ... okay on input line 214.
LaTeX Font Info:    Checking defaults for U/cmr/m/n on input line 214.
LaTeX Font Info:    ... okay on input line 214.
LaTeX Font Info:    Checking defaults for PD1/pdf/m/n on input line 214.
LaTeX Font Info:    ... okay on input line 214.
Package lastpage Info: Please have a look at the pageslts package at
(lastpage)             http://www.ctan.org/tex-archive/ 
(lastpage)             macros/latex/contrib/pageslts/ 
(lastpage)             or
(lastpage)             http://www.ctan.org/tex-archive/ 
(lastpage)             install/macros/latex/contrib/pageslts.tds.zip
(lastpage)             ! on input line 214.

(/usr/share/texlive/texmf-dist/tex/context/base/supp-pdf.mkii
[Loading MPS to PDF converter (version 2006.09.02).]
\scratchcounter=\count118
\scratchdimen=\dimen124
\scratchbox=\box30
\nofMPsegments=\count119
\nofMParguments=\count120
\everyMPshowfont=\toks18
\MPscratchCnt=\count121
\MPscratchDim=\dimen125
\MPnumerator=\count122
\makeMPintoPDFobject=\count123
\everyMPtoPDFconversion=\toks19
) (/usr/share/texlive/texmf-dist/tex/latex/oberdiek/epstopdf-base.sty
Package: epstopdf-base 2010/02/09 v2.5 Base part for package epstopdf

(/usr/share/texlive/texmf-dist/tex/latex/oberdiek/grfext.sty
Package: grfext 2010/08/19 v1.1 Manage graphics extensions (HO)
)
Package grfext Info: Graphics extension search list:
(grfext)             [.png,.pdf,.jpg,.mps,.jpeg,.jbig2,.jb2,.PNG,.PDF,.JPG,.JPE
G,.JBIG2,.JB2,.eps]
(grfext)             \AppendGraphicsExtensions on input line 452.

(/usr/share/texlive/texmf-dist/tex/latex/latexconfig/epstopdf-sys.cfg
File: epstopdf-sys.cfg 2010/07/13 v1.3 Configuration of (r)epstopdf for TeX Liv
e
))
\c@lstlisting=\count124
Package caption Info: Begin \AtBeginDocument code.
Package caption Info: hyperref package is loaded.
Package caption Info: subfigure package is loaded.
Package caption Info: End \AtBeginDocument code.
\AtBeginShipoutBox=\box31
Package hyperref Info: Link coloring ON on input line 214.

(/usr/share/texlive/texmf-dist/tex/latex/hyperref/nameref.sty
Package: nameref 2012/10/27 v2.43 Cross-referencing by name of section

(/usr/share/texlive/texmf-dist/tex/generic/oberdiek/gettitlestring.sty
Package: gettitlestring 2010/12/03 v1.4 Cleanup title references (HO)
)
\c@section@level=\count125
)
LaTeX Info: Redefining \ref on input line 214.
LaTeX Info: Redefining \pageref on input line 214.
LaTeX Info: Redefining \nameref on input line 214.

(./Nwala_Assignment6_Report.out) (./Nwala_Assignment6_Report.out)
\@outlinefile=\write4
\openout4 = `Nwala_Assignment6_Report.out'.

LaTeX Font Info:    External font `cmex10' loaded for size
(Font)              <12> on input line 217.
LaTeX Font Info:    External font `cmex10' loaded for size
(Font)              <8> on input line 217.
LaTeX Font Info:    External font `cmex10' loaded for size
(Font)              <6> on input line 217.
 [1

{/var/lib/texmf/fonts/map/pdftex/updmap/pdftex.map}] (./Nwala_Assignment6_Repor
t.toc)
\tf@toc=\write5
\openout5 = `Nwala_Assignment6_Report.toc'.


[2]
Underfull \hbox (badness 10000) in paragraph at lines 238--242

 []


Underfull \hbox (badness 10000) in paragraph at lines 243--245

 []


Underfull \hbox (badness 10000) in paragraph at lines 246--247

 []

LaTeX Font Info:    Try loading font information for OT1+pcr on input line 249.

(/usr/share/texlive/texmf-dist/tex/latex/psnfss/ot1pcr.fd
File: ot1pcr.fd 2001/06/04 font definitions for OT1/pcr.
)
<../graphs/originalGraph.pdf, id=31, 602.25pt x 602.25pt>
File: ../graphs/originalGraph.pdf Graphic file (type pdf)

<use ../graphs/originalGraph.pdf>
Package pdftex.def Info: ../graphs/originalGraph.pdf used on input line 282.
(pdftex.def)             Requested size: 234.87749pt x 234.87654pt.

<../graphs/factionsGraph.pdf, id=32, 602.25pt x 602.25pt>
File: ../graphs/factionsGraph.pdf Graphic file (type pdf)

<use ../graphs/factionsGraph.pdf>
Package pdftex.def Info: ../graphs/factionsGraph.pdf used on input line 283.
(pdftex.def)             Requested size: 234.87749pt x 234.87654pt.

Overfull \hbox (2.2222pt too wide) in paragraph at lines 282--284
[][] [][] 
 []

Excluding 'comment' comment.
Underfull \hbox (badness 10000) in paragraph at lines 299--300

 []


Underfull \hbox (badness 10000) in paragraph at lines 301--303

 []


Underfull \hbox (badness 10000) in paragraph at lines 304--305

 []

[3] [4 <../graphs/originalGraph.pdf> <../graphs/factionsGraph.pdf

pdfTeX warning: pdflatex (file ../graphs/factionsGraph.pdf): PDF inclusion: mul
tiple pdfs with page group included in a single page
>] (./GNA.py
LaTeX Font Info:    Try loading font information for T1+pcr on input line 1.
 (/usr/share/texlive/texmf-dist/tex/latex/psnfss/t1pcr.fd
File: t1pcr.fd 2001/06/04 font definitions for T1/pcr.
))
<../graphs/sn-0-1.pdf, id=65, 602.25pt x 602.25pt>
File: ../graphs/sn-0-1.pdf Graphic file (type pdf)
 <use ../graphs/sn-0-1.pdf>
Package pdftex.def Info: ../graphs/sn-0-1.pdf used on input line 333.
(pdftex.def)             Requested size: 234.87749pt x 234.87654pt.

<../graphs/sn-1-1.pdf, id=66, 602.25pt x 602.25pt>
File: ../graphs/sn-1-1.pdf Graphic file (type pdf)
 <use ../graphs/sn-1-1.pdf>
Package pdftex.def Info: ../graphs/sn-1-1.pdf used on input line 334.
(pdftex.def)             Requested size: 234.87749pt x 234.87654pt.

<../graphs/sn-2-1.pdf, id=67, 602.25pt x 602.25pt>
File: ../graphs/sn-2-1.pdf Graphic file (type pdf)
 <use ../graphs/sn-2-1.pdf>
Package pdftex.def Info: ../graphs/sn-2-1.pdf used on input line 335.
(pdftex.def)             Requested size: 234.87749pt x 234.87654pt.

<../graphs/sn-3-1.pdf, id=68, 602.25pt x 602.25pt>
File: ../graphs/sn-3-1.pdf Graphic file (type pdf)
 <use ../graphs/sn-3-1.pdf>
Package pdftex.def Info: ../graphs/sn-3-1.pdf used on input line 336.
(pdftex.def)             Requested size: 234.87749pt x 234.87654pt.

Overfull \hbox (2.2222pt too wide) in paragraph at lines 333--337
[][] [][]
 []


Overfull \hbox (2.2222pt too wide) in paragraph at lines 333--337
[][] [][] 
 []

<../graphs/sn-4-1.pdf, id=69, 602.25pt x 602.25pt>
File: ../graphs/sn-4-1.pdf Graphic file (type pdf)
 <use ../graphs/sn-4-1.pdf>
Package pdftex.def Info: ../graphs/sn-4-1.pdf used on input line 343.
(pdftex.def)             Requested size: 234.87749pt x 234.87654pt.

<../graphs/sn-5-1.pdf, id=70, 602.25pt x 602.25pt>
File: ../graphs/sn-5-1.pdf Graphic file (type pdf)
 <use ../graphs/sn-5-1.pdf>
Package pdftex.def Info: ../graphs/sn-5-1.pdf used on input line 344.
(pdftex.def)             Requested size: 234.87749pt x 234.87654pt.

<../graphs/sn-6-1.pdf, id=71, 602.25pt x 602.25pt>
File: ../graphs/sn-6-1.pdf Graphic file (type pdf)
 <use ../graphs/sn-6-1.pdf>
Package pdftex.def Info: ../graphs/sn-6-1.pdf used on input line 345.
(pdftex.def)             Requested size: 234.87749pt x 234.87654pt.

<../graphs/sn-7-1.pdf, id=72, 602.25pt x 602.25pt>
File: ../graphs/sn-7-1.pdf Graphic file (type pdf)
 <use ../graphs/sn-7-1.pdf>
Package pdftex.def Info: ../graphs/sn-7-1.pdf used on input line 346.
(pdftex.def)             Requested size: 234.87749pt x 234.87654pt.

Overfull \hbox (2.2222pt too wide) in paragraph at lines 343--347
[][] [][]
 []


Overfull \hbox (2.2222pt too wide) in paragraph at lines 343--347
[][] [][] 
 []

<../graphs/sn-8-1.pdf, id=73, 602.25pt x 602.25pt>
File: ../graphs/sn-8-1.pdf Graphic file (type pdf)
 <use ../graphs/sn-8-1.pdf>
Package pdftex.def Info: ../graphs/sn-8-1.pdf used on input line 352.
(pdftex.def)             Requested size: 234.87749pt x 234.87654pt.

<../graphs/sn-9-1.pdf, id=74, 602.25pt x 602.25pt>
File: ../graphs/sn-9-1.pdf Graphic file (type pdf)
 <use ../graphs/sn-9-1.pdf>
Package pdftex.def Info: ../graphs/sn-9-1.pdf used on input line 353.
(pdftex.def)             Requested size: 234.87749pt x 234.87654pt.

<../graphs/sn-10-1.pdf, id=75, 602.25pt x 602.25pt>
File: ../graphs/sn-10-1.pdf Graphic file (type pdf)

<use ../graphs/sn-10-1.pdf>
Package pdftex.def Info: ../graphs/sn-10-1.pdf used on input line 354.
(pdftex.def)             Requested size: 234.87749pt x 234.87654pt.

<../graphs/sn-11-2.pdf, id=76, 602.25pt x 602.25pt>
File: ../graphs/sn-11-2.pdf Graphic file (type pdf)

<use ../graphs/sn-11-2.pdf>
Package pdftex.def Info: ../graphs/sn-11-2.pdf used on input line 355.
(pdftex.def)             Requested size: 234.87749pt x 234.87654pt.

Overfull \hbox (2.2222pt too wide) in paragraph at lines 352--356
[][] [][]
 []


Overfull \hbox (2.2222pt too wide) in paragraph at lines 352--356
[][] [][]
 []


Underfull \hbox (badness 10000) in paragraph at lines 358--359

 []

[5] [6 <../graphs/sn-0-1.pdf> <../graphs/sn-1-1.pdf

pdfTeX warning: pdflatex (file ../graphs/sn-1-1.pdf): PDF inclusion: multiple p
dfs with page group included in a single page
> <../graphs/sn-2-1.pdf

pdfTeX warning: pdflatex (file ../graphs/sn-2-1.pdf): PDF inclusion: multiple p
dfs with page group included in a single page
> <../graphs/sn-3-1.pdf

pdfTeX warning: pdflatex (file ../graphs/sn-3-1.pdf): PDF inclusion: multiple p
dfs with page group included in a single page
>] [7 <../graphs/sn-4-1.pdf> <../graphs/sn-5-1.pdf

pdfTeX warning: pdflatex (file ../graphs/sn-5-1.pdf): PDF inclusion: multiple p
dfs with page group included in a single page
> <../graphs/sn-6-1.pdf

pdfTeX warning: pdflatex (file ../graphs/sn-6-1.pdf): PDF inclusion: multiple p
dfs with page group included in a single page
> <../graphs/sn-7-1.pdf

pdfTeX warning: pdflatex (file ../graphs/sn-7-1.pdf): PDF inclusion: multiple p
dfs with page group included in a single page
>] [8 <../graphs/sn-8-1.pdf> <../graphs/sn-9-1.pdf

pdfTeX warning: pdflatex (file ../graphs/sn-9-1.pdf): PDF inclusion: multiple p
dfs with page group included in a single page
> <../graphs/sn-10-1.pdf

pdfTeX warning: pdflatex (file ../graphs/sn-10-1.pdf): PDF inclusion: multiple 
pdfs with page group included in a single page
> <../graphs/sn-11-2.pdf

pdfTeX warning: pdflatex (file ../graphs/sn-11-2.pdf): PDF inclusion: multiple 
pdfs with page group included in a single page
>]
Underfull \hbox (badness 10000) in paragraph at lines 386--387

 []

<../graphs/sn-12-2.pdf, id=230, 602.25pt x 602.25pt>
File: ../graphs/sn-12-2.pdf Graphic file (type pdf)

<use ../graphs/sn-12-2.pdf>
Package pdftex.def Info: ../graphs/sn-12-2.pdf used on input line 395.
(pdftex.def)             Requested size: 234.87749pt x 234.87654pt.

<../graphs/sn-13-2.pdf, id=231, 602.25pt x 602.25pt>
File: ../graphs/sn-13-2.pdf Graphic file (type pdf)

<use ../graphs/sn-13-2.pdf>
Package pdftex.def Info: ../graphs/sn-13-2.pdf used on input line 396.
(pdftex.def)             Requested size: 234.87749pt x 234.87654pt.

<../graphs/sn-14-3.pdf, id=232, 602.25pt x 602.25pt>
File: ../graphs/sn-14-3.pdf Graphic file (type pdf)

<use ../graphs/sn-14-3.pdf>
Package pdftex.def Info: ../graphs/sn-14-3.pdf used on input line 397.
(pdftex.def)             Requested size: 234.87749pt x 234.87654pt.

<../graphs/sn-15-3.pdf, id=233, 602.25pt x 602.25pt>
File: ../graphs/sn-15-3.pdf Graphic file (type pdf)

<use ../graphs/sn-15-3.pdf>
Package pdftex.def Info: ../graphs/sn-15-3.pdf used on input line 398.
(pdftex.def)             Requested size: 234.87749pt x 234.87654pt.

Overfull \hbox (2.2222pt too wide) in paragraph at lines 395--399
[][] [][]
 []


Overfull \hbox (2.2222pt too wide) in paragraph at lines 395--399
[][] [][] 
 []

<../graphs/sn-16-3.pdf, id=234, 602.25pt x 602.25pt>
File: ../graphs/sn-16-3.pdf Graphic file (type pdf)

<use ../graphs/sn-16-3.pdf>
Package pdftex.def Info: ../graphs/sn-16-3.pdf used on input line 405.
(pdftex.def)             Requested size: 234.87749pt x 234.87654pt.

<../graphs/sn-17-3.pdf, id=235, 602.25pt x 602.25pt>
File: ../graphs/sn-17-3.pdf Graphic file (type pdf)

<use ../graphs/sn-17-3.pdf>
Package pdftex.def Info: ../graphs/sn-17-3.pdf used on input line 406.
(pdftex.def)             Requested size: 234.87749pt x 234.87654pt.

<../graphs/sn-18-4.pdf, id=236, 602.25pt x 602.25pt>
File: ../graphs/sn-18-4.pdf Graphic file (type pdf)

<use ../graphs/sn-18-4.pdf>
Package pdftex.def Info: ../graphs/sn-18-4.pdf used on input line 407.
(pdftex.def)             Requested size: 234.87749pt x 234.87654pt.

<../graphs/sn-19-4.pdf, id=237, 602.25pt x 602.25pt>
File: ../graphs/sn-19-4.pdf Graphic file (type pdf)

<use ../graphs/sn-19-4.pdf>
Package pdftex.def Info: ../graphs/sn-19-4.pdf used on input line 408.
(pdftex.def)             Requested size: 234.87749pt x 234.87654pt.

Overfull \hbox (2.2222pt too wide) in paragraph at lines 405--409
[][] [][]
 []


Overfull \hbox (2.2222pt too wide) in paragraph at lines 405--409
[][] [][] 
 []

<../graphs/sn-20-4.pdf, id=238, 602.25pt x 602.25pt>
File: ../graphs/sn-20-4.pdf Graphic file (type pdf)

<use ../graphs/sn-20-4.pdf>
Package pdftex.def Info: ../graphs/sn-20-4.pdf used on input line 415.
(pdftex.def)             Requested size: 234.87749pt x 234.87654pt.

<../graphs/sn-21-4.pdf, id=239, 602.25pt x 602.25pt>
File: ../graphs/sn-21-4.pdf Graphic file (type pdf)

<use ../graphs/sn-21-4.pdf>
Package pdftex.def Info: ../graphs/sn-21-4.pdf used on input line 416.
(pdftex.def)             Requested size: 234.87749pt x 234.87654pt.

<../graphs/sn-22-4.pdf, id=240, 602.25pt x 602.25pt>
File: ../graphs/sn-22-4.pdf Graphic file (type pdf)

<use ../graphs/sn-22-4.pdf>
Package pdftex.def Info: ../graphs/sn-22-4.pdf used on input line 417.
(pdftex.def)             Requested size: 234.87749pt x 234.87654pt.

<../graphs/sn-23-4.pdf, id=241, 602.25pt x 602.25pt>
File: ../graphs/sn-23-4.pdf Graphic file (type pdf)

<use ../graphs/sn-23-4.pdf>
Package pdftex.def Info: ../graphs/sn-23-4.pdf used on input line 418.
(pdftex.def)             Requested size: 234.87749pt x 234.87654pt.

Overfull \hbox (2.2222pt too wide) in paragraph at lines 415--419
[][] [][]
 []


Overfull \hbox (2.2222pt too wide) in paragraph at lines 415--419
[][] [][] 
 []

<../graphs/sn-24-5.pdf, id=242, 602.25pt x 602.25pt>
File: ../graphs/sn-24-5.pdf Graphic file (type pdf)

<use ../graphs/sn-24-5.pdf>
Package pdftex.def Info: ../graphs/sn-24-5.pdf used on input line 425.
(pdftex.def)             Requested size: 469.75499pt x 469.77148pt.
 (./Nwala_Assignment6_Report.bbl [9 <../graphs/sn-12-2.pdf> <../graphs/sn-13-2.
pdf

pdfTeX warning: pdflatex (file ../graphs/sn-13-2.pdf): PDF inclusion: multiple 
pdfs with page group included in a single page
> <../graphs/sn-14-3.pdf

pdfTeX warning: pdflatex (file ../graphs/sn-14-3.pdf): PDF inclusion: multiple 
pdfs with page group included in a single page
> <../graphs/sn-15-3.pdf

pdfTeX warning: pdflatex (file ../graphs/sn-15-3.pdf): PDF inclusion: multiple 
pdfs with page group included in a single page
>] [10 <../graphs/sn-16-3.pdf> <../graphs/sn-17-3.pdf

pdfTeX warning: pdflatex (file ../graphs/sn-17-3.pdf): PDF inclusion: multiple 
pdfs with page group included in a single page
> <../graphs/sn-18-4.pdf

pdfTeX warning: pdflatex (file ../graphs/sn-18-4.pdf): PDF inclusion: multiple 
pdfs with page group included in a single page
> <../graphs/sn-19-4.pdf

pdfTeX warning: pdflatex (file ../graphs/sn-19-4.pdf): PDF inclusion: multiple 
pdfs with page group included in a single page
>] [11 <../graphs/sn-20-4.pdf> <../graphs/sn-21-4.pdf

pdfTeX warning: pdflatex (file ../graphs/sn-21-4.pdf): PDF inclusion: multiple 
pdfs with page group included in a single page
> <../graphs/sn-22-4.pdf

pdfTeX warning: pdflatex (file ../graphs/sn-22-4.pdf): PDF inclusion: multiple 
pdfs with page group included in a single page
> <../graphs/sn-23-4.pdf

pdfTeX warning: pdflatex (file ../graphs/sn-23-4.pdf): PDF inclusion: multiple 
pdfs with page group included in a single page
>] [12 <../graphs/sn-24-5.pdf>]) 
AED: lastpage setting LastPage
[13]
Package atveryend Info: Empty hook `BeforeClearDocument' on input line 436.
Package atveryend Info: Empty hook `AfterLastShipout' on input line 436.
 (./Nwala_Assignment6_Report.aux)
Package atveryend Info: Executing hook `AtVeryEndDocument' on input line 436.
Package atveryend Info: Executing hook `AtEndAfterFileList' on input line 436.
Package rerunfilecheck Info: File `Nwala_Assignment6_Report.out' has not change
d.
(rerunfilecheck)             Checksum: 96F53C0B68F45DA1F1081500F272B6B5;90.
Package atveryend Info: Empty hook `AtVeryVeryEnd' on input line 436.
 ) 
Here is how much of TeX's memory you used:
 9720 strings out of 493304
 147376 string characters out of 6139871
 445392 words of memory out of 5000000
 12944 multiletter control sequences out of 15000+600000
 10923 words of font info for 38 fonts, out of 8000000 for 9000
 957 hyphenation exceptions out of 8191
 36i,11n,43p,743b,1476s stack positions out of 5000i,500n,10000p,200000b,80000s
{/usr/share/texlive/texmf-dist/fonts/enc/dvips/base/8r.enc}</usr/share/texliv
e/texmf-dist/fonts/type1/public/amsfonts/cm/cmbx10.pfb></usr/share/texlive/texm
f-dist/fonts/type1/public/amsfonts/cm/cmbx12.pfb></usr/share/texlive/texmf-dist
/fonts/type1/public/amsfonts/cm/cmbx9.pfb></usr/share/texlive/texmf-dist/fonts/
type1/public/amsfonts/cm/cmr10.pfb></usr/share/texlive/texmf-dist/fonts/type1/p
ublic/amsfonts/cm/cmr12.pfb></usr/share/texlive/texmf-dist/fonts/type1/public/a
msfonts/cm/cmr5.pfb></usr/share/texlive/texmf-dist/fonts/type1/public/amsfonts/
cm/cmr8.pfb></usr/share/texlive/texmf-dist/fonts/type1/public/amsfonts/cm/cmti1
2.pfb></usr/share/texlive/texmf-dist/fonts/type1/urw/courier/ucrr8a.pfb></usr/s
hare/texlive/texmf-dist/fonts/type1/urw/courier/ucrro8a.pfb>
Output written on Nwala_Assignment6_Report.pdf (13 pages, 374274 bytes).
PDF statistics:
 437 PDF objects out of 1000 (max. 8388607)
 327 compressed objects within 4 object streams
 80 named destinations out of 1000 (max. 500000)
 152 words of extra memory for PDF output out of 10000 (max. 10000000)

