This is pdfTeX, Version 3.1415926-2.5-1.40.14 (TeX Live 2013/Debian) (format=pdflatex 2014.8.31)  9 OCT 2014 22:54
entering extended mode
 restricted \write18 enabled.
 %&-line parsing enabled.
**Nwala_Assignment4
(./Nwala_Assignment4.tex
LaTeX2e <2011/06/27>
Babel <3.9h> and hyphenation patterns for 78 languages loaded.
(/usr/share/texlive/texmf-dist/tex/latex/base/article.cls
Document Class: article 2007/10/19 v1.4h Standard LaTeX document class
(/usr/share/texlive/texmf-dist/tex/latex/base/size10.clo
File: size10.clo 2007/10/19 v1.4h Standard LaTeX file (size option)
)
\c@part=\count79
\c@section=\count80
\c@subsection=\count81
\c@subsubsection=\count82
\c@paragraph=\count83
\c@subparagraph=\count84
\c@figure=\count85
\c@table=\count86
\abovecaptionskip=\skip41
\belowcaptionskip=\skip42
\bibindent=\dimen102
)
(/usr/share/texlive/texmf-dist/tex/latex/fancyhdr/fancyhdr.sty
\fancy@headwidth=\skip43
\f@ncyO@elh=\skip44
\f@ncyO@erh=\skip45
\f@ncyO@olh=\skip46
\f@ncyO@orh=\skip47
\f@ncyO@elf=\skip48
\f@ncyO@erf=\skip49
\f@ncyO@olf=\skip50
\f@ncyO@orf=\skip51
)
(/usr/share/texlive/texmf-dist/tex/latex/lastpage/lastpage.sty
Package: lastpage 2013/01/28 v1.2l Refers to last page's name (HMM; JPG)
)
(/usr/share/texlive/texmf-dist/tex/latex/fancyhdr/extramarks.sty
\@temptokenb=\toks14
)
(/usr/share/texlive/texmf-dist/tex/latex/graphics/color.sty
Package: color 2005/11/14 v1.0j Standard LaTeX Color (DPC)

(/usr/share/texlive/texmf-dist/tex/latex/latexconfig/color.cfg
File: color.cfg 2007/01/18 v1.5 color configuration of teTeX/TeXLive
)
Package color Info: Driver file: pdftex.def on input line 130.

(/usr/share/texlive/texmf-dist/tex/latex/pdftex-def/pdftex.def
File: pdftex.def 2011/05/27 v0.06d Graphics/color for pdfTeX

(/usr/share/texlive/texmf-dist/tex/generic/oberdiek/infwarerr.sty
Package: infwarerr 2010/04/08 v1.3 Providing info/warning/error messages (HO)
)
(/usr/share/texlive/texmf-dist/tex/generic/oberdiek/ltxcmds.sty
Package: ltxcmds 2011/11/09 v1.22 LaTeX kernel commands for general use (HO)
)
\Gread@gobject=\count87
)
(/usr/share/texlive/texmf-dist/tex/latex/graphics/dvipsnam.def
File: dvipsnam.def 1999/02/16 v3.0i Driver-dependant file (DPC,SPQR)
))
(/usr/share/texlive/texmf-dist/tex/latex/graphics/graphicx.sty
Package: graphicx 1999/02/16 v1.0f Enhanced LaTeX Graphics (DPC,SPQR)

(/usr/share/texlive/texmf-dist/tex/latex/graphics/keyval.sty
Package: keyval 1999/03/16 v1.13 key=value parser (DPC)
\KV@toks@=\toks15
)
(/usr/share/texlive/texmf-dist/tex/latex/graphics/graphics.sty
Package: graphics 2009/02/05 v1.0o Standard LaTeX Graphics (DPC,SPQR)

(/usr/share/texlive/texmf-dist/tex/latex/graphics/trig.sty
Package: trig 1999/03/16 v1.09 sin cos tan (DPC)
)
(/usr/share/texlive/texmf-dist/tex/latex/latexconfig/graphics.cfg
File: graphics.cfg 2010/04/23 v1.9 graphics configuration of TeX Live
)
Package graphics Info: Driver file: pdftex.def on input line 91.
)
\Gin@req@height=\dimen103
\Gin@req@width=\dimen104
)
(/usr/share/texlive/texmf-dist/tex/latex/listings/listings.sty
\lst@mode=\count88
\lst@gtempboxa=\box26
\lst@token=\toks16
\lst@length=\count89
\lst@currlwidth=\dimen105
\lst@column=\count90
\lst@pos=\count91
\lst@lostspace=\dimen106
\lst@width=\dimen107
\lst@newlines=\count92
\lst@lineno=\count93
\lst@maxwidth=\dimen108

(/usr/share/texlive/texmf-dist/tex/latex/listings/lstmisc.sty
File: lstmisc.sty 2013/08/26 1.5b (Carsten Heinz)
\c@lstnumber=\count94
\lst@skipnumbers=\count95
\lst@framebox=\box27
)
(/usr/share/texlive/texmf-dist/tex/latex/listings/listings.cfg
File: listings.cfg 2013/08/26 1.5b listings configuration
))
Package: listings 2013/08/26 1.5b (Carsten Heinz)

(/usr/share/texlive/texmf-dist/tex/latex/psnfss/courier.sty
Package: courier 2005/04/12 PSNFSS-v9.2a (WaS) 
)
(/usr/share/texlive/texmf-dist/tex/latex/lipsum/lipsum.sty
Package: lipsum 2011/04/14 v1.2 150 paragraphs of Lorem Ipsum dummy text
\c@lips@count=\count96
)
(/usr/share/texlive/texmf-dist/tex/latex/setspace/setspace.sty
Package: setspace 2011/12/19 v6.7a set line spacing
)
(/usr/share/texlive/texmf-dist/tex/latex/comment/comment.sty
\CommentStream=\write3

Excluding comment 'comment')
(/usr/share/texlive/texmf-dist/tex/latex/caption/caption.sty
Package: caption 2013/05/02 v3.3-89 Customizing captions (AR)

(/usr/share/texlive/texmf-dist/tex/latex/caption/caption3.sty
Package: caption3 2013/05/02 v1.6-88 caption3 kernel (AR)
Package caption3 Info: TeX engine: e-TeX on input line 57.
\captionmargin=\dimen109
\captionmargin@=\dimen110
\captionwidth=\dimen111
\caption@tempdima=\dimen112
\caption@indent=\dimen113
\caption@parindent=\dimen114
\caption@hangindent=\dimen115
)
\c@ContinuedFloat=\count97
Package caption Info: listings package is loaded.
)
(/usr/share/texlive/texmf-dist/tex/latex/hyperref/hyperref.sty
Package: hyperref 2012/11/06 v6.83m Hypertext links for LaTeX

(/usr/share/texlive/texmf-dist/tex/generic/oberdiek/hobsub-hyperref.sty
Package: hobsub-hyperref 2012/05/28 v1.13 Bundle oberdiek, subset hyperref (HO)


(/usr/share/texlive/texmf-dist/tex/generic/oberdiek/hobsub-generic.sty
Package: hobsub-generic 2012/05/28 v1.13 Bundle oberdiek, subset generic (HO)
Package: hobsub 2012/05/28 v1.13 Construct package bundles (HO)
Package hobsub Info: Skipping package `infwarerr' (already loaded).
Package hobsub Info: Skipping package `ltxcmds' (already loaded).
Package: ifluatex 2010/03/01 v1.3 Provides the ifluatex switch (HO)
Package ifluatex Info: LuaTeX not detected.
Package: ifvtex 2010/03/01 v1.5 Detect VTeX and its facilities (HO)
Package ifvtex Info: VTeX not detected.
Package: intcalc 2007/09/27 v1.1 Expandable calculations with integers (HO)
Package: ifpdf 2011/01/30 v2.3 Provides the ifpdf switch (HO)
Package ifpdf Info: pdfTeX in PDF mode is detected.
Package: etexcmds 2011/02/16 v1.5 Avoid name clashes with e-TeX commands (HO)
Package etexcmds Info: Could not find \expanded.
(etexcmds)             That can mean that you are not using pdfTeX 1.50 or
(etexcmds)             that some package has redefined \expanded.
(etexcmds)             In the latter case, load this package earlier.
Package: kvsetkeys 2012/04/25 v1.16 Key value parser (HO)
Package: kvdefinekeys 2011/04/07 v1.3 Define keys (HO)
Package: pdftexcmds 2011/11/29 v0.20 Utility functions of pdfTeX for LuaTeX (HO
)
Package pdftexcmds Info: LuaTeX not detected.
Package pdftexcmds Info: \pdf@primitive is available.
Package pdftexcmds Info: \pdf@ifprimitive is available.
Package pdftexcmds Info: \pdfdraftmode found.
Package: pdfescape 2011/11/25 v1.13 Implements pdfTeX's escape features (HO)
Package: bigintcalc 2012/04/08 v1.3 Expandable calculations on big integers (HO
)
Package: bitset 2011/01/30 v1.1 Handle bit-vector datatype (HO)
Package: uniquecounter 2011/01/30 v1.2 Provide unlimited unique counter (HO)
)
Package hobsub Info: Skipping package `hobsub' (already loaded).
Package: letltxmacro 2010/09/02 v1.4 Let assignment for LaTeX macros (HO)
Package: hopatch 2012/05/28 v1.2 Wrapper for package hooks (HO)
Package: xcolor-patch 2011/01/30 xcolor patch
Package: atveryend 2011/06/30 v1.8 Hooks at the very end of document (HO)
Package atveryend Info: \enddocument detected (standard20110627).
Package: atbegshi 2011/10/05 v1.16 At begin shipout hook (HO)
Package: refcount 2011/10/16 v3.4 Data extraction from label references (HO)
Package: hycolor 2011/01/30 v1.7 Color options for hyperref/bookmark (HO)
)
(/usr/share/texlive/texmf-dist/tex/generic/ifxetex/ifxetex.sty
Package: ifxetex 2010/09/12 v0.6 Provides ifxetex conditional
)
(/usr/share/texlive/texmf-dist/tex/latex/oberdiek/auxhook.sty
Package: auxhook 2011/03/04 v1.3 Hooks for auxiliary files (HO)
)
(/usr/share/texlive/texmf-dist/tex/latex/oberdiek/kvoptions.sty
Package: kvoptions 2011/06/30 v3.11 Key value format for package options (HO)
)
\@linkdim=\dimen116
\Hy@linkcounter=\count98
\Hy@pagecounter=\count99

(/usr/share/texlive/texmf-dist/tex/latex/hyperref/pd1enc.def
File: pd1enc.def 2012/11/06 v6.83m Hyperref: PDFDocEncoding definition (HO)
)
\Hy@SavedSpaceFactor=\count100

(/usr/share/texlive/texmf-dist/tex/latex/latexconfig/hyperref.cfg
File: hyperref.cfg 2002/06/06 v1.2 hyperref configuration of TeXLive
)
Package hyperref Info: Hyper figures OFF on input line 4443.
Package hyperref Info: Link nesting OFF on input line 4448.
Package hyperref Info: Hyper index ON on input line 4451.
Package hyperref Info: Plain pages OFF on input line 4458.
Package hyperref Info: Backreferencing OFF on input line 4463.
Package hyperref Info: Implicit mode ON; LaTeX internals redefined.
Package hyperref Info: Bookmarks ON on input line 4688.
\c@Hy@tempcnt=\count101

(/usr/share/texlive/texmf-dist/tex/latex/url/url.sty
\Urlmuskip=\muskip10
Package: url 2013/09/16  ver 3.4  Verb mode for urls, etc.
)
LaTeX Info: Redefining \url on input line 5041.
\XeTeXLinkMargin=\dimen117
\Fld@menulength=\count102
\Field@Width=\dimen118
\Fld@charsize=\dimen119
Package hyperref Info: Hyper figures OFF on input line 6295.
Package hyperref Info: Link nesting OFF on input line 6300.
Package hyperref Info: Hyper index ON on input line 6303.
Package hyperref Info: backreferencing OFF on input line 6310.
Package hyperref Info: Link coloring OFF on input line 6315.
Package hyperref Info: Link coloring with OCG OFF on input line 6320.
Package hyperref Info: PDF/A mode OFF on input line 6325.
LaTeX Info: Redefining \ref on input line 6365.
LaTeX Info: Redefining \pageref on input line 6369.
\Hy@abspage=\count103
\c@Item=\count104
\c@Hfootnote=\count105
)

Package hyperref Message: Driver (autodetected): hpdftex.

(/usr/share/texlive/texmf-dist/tex/latex/hyperref/hpdftex.def
File: hpdftex.def 2012/11/06 v6.83m Hyperref driver for pdfTeX
\Fld@listcount=\count106
\c@bookmark@seq@number=\count107

(/usr/share/texlive/texmf-dist/tex/latex/oberdiek/rerunfilecheck.sty
Package: rerunfilecheck 2011/04/15 v1.7 Rerun checks for auxiliary files (HO)
Package uniquecounter Info: New unique counter `rerunfilecheck' on input line 2
82.
)
\Hy@SectionHShift=\skip52
)
(/usr/share/texlive/texmf-dist/tex/latex/natbib/natbib.sty
Package: natbib 2010/09/13 8.31b (PWD, AO)
\bibhang=\skip53
\bibsep=\skip54
LaTeX Info: Redefining \cite on input line 694.
\c@NAT@ctr=\count108
)
(/usr/share/texlive/texmf-dist/tex/latex/underscore/underscore.sty
Package: underscore 2006/09/13
LaTeX Info: Redefining \_ on input line 42.
)
Package hyperref Info: Option `colorlinks' set `true' on input line 51.
Package hyperref Info: Option `breaklinks' set `true' on input line 51.

(/usr/share/texlive/texmf-dist/tex/latex/pdfpages/pdfpages.sty
Package: pdfpages 2013/08/25 v0.4v Insert pages of external PDF documents (AM)

(/usr/share/texlive/texmf-dist/tex/latex/base/ifthen.sty
Package: ifthen 2001/05/26 v1.1c Standard LaTeX ifthen package (DPC)
)
(/usr/share/texlive/texmf-dist/tex/latex/tools/calc.sty
Package: calc 2007/08/22 v4.3 Infix arithmetic (KKT,FJ)
\calc@Acount=\count109
\calc@Bcount=\count110
\calc@Adimen=\dimen120
\calc@Bdimen=\dimen121
\calc@Askip=\skip55
\calc@Bskip=\skip56
LaTeX Info: Redefining \setlength on input line 76.
LaTeX Info: Redefining \addtolength on input line 77.
\calc@Ccount=\count111
\calc@Cskip=\skip57
)
(/usr/share/texlive/texmf-dist/tex/latex/eso-pic/eso-pic.sty
Package: eso-pic 2013/10/06 v2.0d eso-pic (RN)
)
(/usr/share/texlive/texmf-dist/tex/latex/pdfpages/pppdftex.def
File: pppdftex.def 2013/08/25 v0.4v Pdfpages driver for pdfTeX (AM)
)
\AM@pagebox=\box28
\AM@toc@title=\toks17
\c@AM@survey=\count112
\AM@templatesizebox=\box29
)
(/usr/share/texlive/texmf-dist/tex/latex/listings/lstlang1.sty
File: lstlang1.sty 2013/08/26 1.5b listings language file
)
\c@homeworkProblemCounter=\count113

(./Nwala_Assignment4.aux)
\openout1 = `Nwala_Assignment4.aux'.

LaTeX Font Info:    Checking defaults for OML/cmm/m/it on input line 212.
LaTeX Font Info:    ... okay on input line 212.
LaTeX Font Info:    Checking defaults for T1/cmr/m/n on input line 212.
LaTeX Font Info:    ... okay on input line 212.
LaTeX Font Info:    Checking defaults for OT1/cmr/m/n on input line 212.
LaTeX Font Info:    ... okay on input line 212.
LaTeX Font Info:    Checking defaults for OMS/cmsy/m/n on input line 212.
LaTeX Font Info:    ... okay on input line 212.
LaTeX Font Info:    Checking defaults for OMX/cmex/m/n on input line 212.
LaTeX Font Info:    ... okay on input line 212.
LaTeX Font Info:    Checking defaults for U/cmr/m/n on input line 212.
LaTeX Font Info:    ... okay on input line 212.
LaTeX Font Info:    Checking defaults for PD1/pdf/m/n on input line 212.
LaTeX Font Info:    ... okay on input line 212.
Package lastpage Info: Please have a look at the pageslts package at
(lastpage)             http://www.ctan.org/tex-archive/ 
(lastpage)             macros/latex/contrib/pageslts/ 
(lastpage)             or
(lastpage)             http://www.ctan.org/tex-archive/ 
(lastpage)             install/macros/latex/contrib/pageslts.tds.zip
(lastpage)             ! on input line 212.

(/usr/share/texlive/texmf-dist/tex/context/base/supp-pdf.mkii
[Loading MPS to PDF converter (version 2006.09.02).]
\scratchcounter=\count114
\scratchdimen=\dimen122
\scratchbox=\box30
\nofMPsegments=\count115
\nofMParguments=\count116
\everyMPshowfont=\toks18
\MPscratchCnt=\count117
\MPscratchDim=\dimen123
\MPnumerator=\count118
\makeMPintoPDFobject=\count119
\everyMPtoPDFconversion=\toks19
) (/usr/share/texlive/texmf-dist/tex/latex/oberdiek/epstopdf-base.sty
Package: epstopdf-base 2010/02/09 v2.5 Base part for package epstopdf

(/usr/share/texlive/texmf-dist/tex/latex/oberdiek/grfext.sty
Package: grfext 2010/08/19 v1.1 Manage graphics extensions (HO)
)
Package grfext Info: Graphics extension search list:
(grfext)             [.png,.pdf,.jpg,.mps,.jpeg,.jbig2,.jb2,.PNG,.PDF,.JPG,.JPE
G,.JBIG2,.JB2,.eps]
(grfext)             \AppendGraphicsExtensions on input line 452.

(/usr/share/texlive/texmf-dist/tex/latex/latexconfig/epstopdf-sys.cfg
File: epstopdf-sys.cfg 2010/07/13 v1.3 Configuration of (r)epstopdf for TeX Liv
e
))
\c@lstlisting=\count120
Package caption Info: Begin \AtBeginDocument code.
Package caption Info: hyperref package is loaded.
Package caption Info: End \AtBeginDocument code.
\AtBeginShipoutBox=\box31
Package hyperref Info: Link coloring ON on input line 212.

(/usr/share/texlive/texmf-dist/tex/latex/hyperref/nameref.sty
Package: nameref 2012/10/27 v2.43 Cross-referencing by name of section

(/usr/share/texlive/texmf-dist/tex/generic/oberdiek/gettitlestring.sty
Package: gettitlestring 2010/12/03 v1.4 Cleanup title references (HO)
)
\c@section@level=\count121
)
LaTeX Info: Redefining \ref on input line 212.
LaTeX Info: Redefining \pageref on input line 212.
LaTeX Info: Redefining \nameref on input line 212.

(./Nwala_Assignment4.out) (./Nwala_Assignment4.out)
\@outlinefile=\write4
\openout4 = `Nwala_Assignment4.out'.

LaTeX Font Info:    External font `cmex10' loaded for size
(Font)              <12> on input line 215.
LaTeX Font Info:    External font `cmex10' loaded for size
(Font)              <8> on input line 215.
LaTeX Font Info:    External font `cmex10' loaded for size
(Font)              <6> on input line 215.
 [1

{/var/lib/texmf/fonts/map/pdftex/updmap/pdftex.map}] (./Nwala_Assignment4.toc)
\tf@toc=\write5
\openout5 = `Nwala_Assignment4.toc'.

 [2]
LaTeX Font Info:    Try loading font information for OT1+pcr on input line 240.


(/usr/share/texlive/texmf-dist/tex/latex/psnfss/ot1pcr.fd
File: ot1pcr.fd 2001/06/04 font definitions for OT1/pcr.
)
LaTeX Font Info:    Try loading font information for OML+cmr on input line 244.


(/usr/share/texlive/texmf-dist/tex/latex/base/omlcmr.fd
File: omlcmr.fd 1999/05/25 v2.5h Standard LaTeX font definitions
)
LaTeX Font Info:    Font shape `OML/cmr/m/n' in size <10> not available
(Font)              Font shape `OML/cmm/m/it' tried instead on input line 244.

Excluding 'comment' comment.
Underfull \hbox (badness 10000) in paragraph at lines 283--284

 []

(./extractLinksSnippet.py
LaTeX Font Info:    Try loading font information for T1+pcr on input line 1.

(/usr/share/texlive/texmf-dist/tex/latex/psnfss/t1pcr.fd
File: t1pcr.fd 2001/06/04 font definitions for T1/pcr.
) [3])
(./expandURISnippet.py) [4]
Underfull \hbox (badness 10000) in paragraph at lines 355--356

 []

(./convertToDotFileSnippet.py) [5] Excluding 'comment' comment.
LaTeX Font Info:    External font `cmex10' loaded for size
(Font)              <7> on input line 392.
LaTeX Font Info:    External font `cmex10' loaded for size
(Font)              <5> on input line 392.

Underfull \hbox (badness 10000) in paragraph at lines 412--413

 []


Underfull \hbox (badness 10000) in paragraph at lines 414--416

 []


Overfull \hbox (4.24477pt too wide) in paragraph at lines 417--419
[]\OT1/cmr/m/n/10 Furthermore, in or-der to ex-plore the con-nect-ed-ness of th
e graph I chose the Yi-Fan Hu pro-por-tional algorithm[[]]
 []


Underfull \hbox (badness 10000) in paragraph at lines 417--419

 []


Underfull \hbox (badness 10000) in paragraph at lines 420--422

 []


Underfull \hbox (badness 10000) in paragraph at lines 423--424

 []

<allNodes.pdf, id=116, 597.23125pt x 845.1575pt>
File: allNodes.pdf Graphic file (type pdf)
 <use allNodes.pdf>
Package pdftex.def Info: allNodes.pdf used on input line 428.
(pdftex.def)             Requested size: 298.61488pt x 422.57771pt.


LaTeX Warning: Float too large for page by 36.37419pt on input line 429.

<allNodes2.pdf, id=117, 597.23125pt x 845.1575pt>
File: allNodes2.pdf Graphic file (type pdf)
 <use allNodes2.pdf>
Package pdftex.def Info: allNodes2.pdf used on input line 433.
(pdftex.def)             Requested size: 298.61488pt x 422.57771pt.


LaTeX Warning: Float too large for page by 36.37419pt on input line 434.

<allNodesYuFanHu.pdf, id=118, 597.23125pt x 845.1575pt>
File: allNodesYuFanHu.pdf Graphic file (type pdf)

<use allNodesYuFanHu.pdf>
Package pdftex.def Info: allNodesYuFanHu.pdf used on input line 438.
(pdftex.def)             Requested size: 298.61488pt x 422.57771pt.


LaTeX Warning: Float too large for page by 36.37419pt on input line 439.

<importantNodes.pdf, id=119, 597.23125pt x 845.1575pt>
File: importantNodes.pdf Graphic file (type pdf)

<use importantNodes.pdf>
Package pdftex.def Info: importantNodes.pdf used on input line 443.
(pdftex.def)             Requested size: 298.61488pt x 422.57771pt.


LaTeX Warning: Float too large for page by 36.37419pt on input line 444.


Underfull \hbox (badness 10000) in paragraph at lines 446--448

 []

<HITSReport.pdf, id=120, 614.295pt x 794.97pt>
File: HITSReport.pdf Graphic file (type pdf)
 <use HITSReport.pdf>
Package pdftex.def Info: HITSReport.pdf used on input line 451.
(pdftex.def)             Requested size: 614.29349pt x 794.96806pt.
File: HITSReport.pdf Graphic file (type pdf)

<use HITSReport.pdf>
Package pdftex.def Info: HITSReport.pdf used on input line 451.
(pdftex.def)             Requested size: 614.29349pt x 794.96806pt.
 [6] [7 <./allNodes.pdf>] [8 <./allNodes2.pdf>] [9 <./allNodesYuFanHu.pdf>] [10
 <./importantNodes.pdf>]
<HITSReport.pdf, id=168, page=1, 614.295pt x 794.97pt>
File: HITSReport.pdf Graphic file (type pdf)

<use HITSReport.pdf, page 1>
Package pdftex.def Info: HITSReport.pdf, page1 used on input line 451.
(pdftex.def)             Requested size: 469.75499pt x 607.9196pt.
File: HITSReport.pdf Graphic file (type pdf)
 <use HITSReport.pdf, page 1>
Package pdftex.def Info: HITSReport.pdf, page1 used on input line 451.
(pdftex.def)             Requested size: 307.14674pt x 397.48402pt.
File: HITSReport.pdf Graphic file (type pdf)

<use HITSReport.pdf, page 1>
Package pdftex.def Info: HITSReport.pdf, page1 used on input line 451.
(pdftex.def)             Requested size: 307.14674pt x 397.48402pt.
File: HITSReport.pdf Graphic file (type pdf)
 <use HITSReport.pdf, page 1>
Package pdftex.def Info: HITSReport.pdf, page1 used on input line 451.
(pdftex.def)             Requested size: 307.14674pt x 397.48402pt.
File: HITSReport.pdf Graphic file (type pdf)

<use HITSReport.pdf, page 1>
Package pdftex.def Info: HITSReport.pdf, page1 used on input line 451.
(pdftex.def)             Requested size: 307.14674pt x 397.48402pt.
 [11 <./HITSReport.pdf>]
<HITSReport.pdf, id=202, page=2, 614.295pt x 794.97pt>
File: HITSReport.pdf Graphic file (type pdf)

<use HITSReport.pdf, page 2>
Package pdftex.def Info: HITSReport.pdf, page2 used on input line 451.
(pdftex.def)             Requested size: 307.14674pt x 397.48402pt.
File: HITSReport.pdf Graphic file (type pdf)
 <use HITSReport.pdf, page 2>
Package pdftex.def Info: HITSReport.pdf, page2 used on input line 451.
(pdftex.def)             Requested size: 307.14674pt x 397.48402pt.
File: HITSReport.pdf Graphic file (type pdf)

<use HITSReport.pdf, page 2>
Package pdftex.def Info: HITSReport.pdf, page2 used on input line 451.
(pdftex.def)             Requested size: 307.14674pt x 397.48402pt.
 [12 <./HITSReport.pdf>]
<pageRankReport.pdf, id=208, 614.295pt x 794.97pt>
File: pageRankReport.pdf Graphic file (type pdf)
 <use pageRankReport.pdf>
Package pdftex.def Info: pageRankReport.pdf used on input line 452.
(pdftex.def)             Requested size: 614.29349pt x 794.96806pt.
File: pageRankReport.pdf Graphic file (type pdf)

<use pageRankReport.pdf>
Package pdftex.def Info: pageRankReport.pdf used on input line 452.
(pdftex.def)             Requested size: 614.29349pt x 794.96806pt.

<pageRankReport.pdf, id=211, page=1, 614.295pt x 794.97pt>
File: pageRankReport.pdf Graphic file (type pdf)

<use pageRankReport.pdf, page 1>
Package pdftex.def Info: pageRankReport.pdf, page1 used on input line 452.
(pdftex.def)             Requested size: 469.75499pt x 607.9196pt.
File: pageRankReport.pdf Graphic file (type pdf)
 <use pageRankReport.pdf, page 1>
Package pdftex.def Info: pageRankReport.pdf, page1 used on input line 452.
(pdftex.def)             Requested size: 307.14674pt x 397.48402pt.
File: pageRankReport.pdf Graphic file (type pdf)

<use pageRankReport.pdf, page 1>
Package pdftex.def Info: pageRankReport.pdf, page1 used on input line 452.
(pdftex.def)             Requested size: 307.14674pt x 397.48402pt.
File: pageRankReport.pdf Graphic file (type pdf)
 <use pageRankReport.pdf, page 1>
Package pdftex.def Info: pageRankReport.pdf, page1 used on input line 452.
(pdftex.def)             Requested size: 307.14674pt x 397.48402pt.
File: pageRankReport.pdf Graphic file (type pdf)

<use pageRankReport.pdf, page 1>
Package pdftex.def Info: pageRankReport.pdf, page1 used on input line 452.
(pdftex.def)             Requested size: 307.14674pt x 397.48402pt.
 [13 <./pageRankReport.pdf>]
<averageDegreeReport.pdf, id=240, 614.295pt x 794.97pt>
File: averageDegreeReport.pdf Graphic file (type pdf)

<use averageDegreeReport.pdf>
Package pdftex.def Info: averageDegreeReport.pdf used on input line 453.
(pdftex.def)             Requested size: 614.29349pt x 794.96806pt.
File: averageDegreeReport.pdf Graphic file (type pdf)
 <use averageDegreeReport.pdf>
Package pdftex.def Info: averageDegreeReport.pdf used on input line 453.
(pdftex.def)             Requested size: 614.29349pt x 794.96806pt.

<averageDegreeReport.pdf, id=243, page=1, 614.295pt x 794.97pt>
File: averageDegreeReport.pdf Graphic file (type pdf)

<use averageDegreeReport.pdf, page 1>
Package pdftex.def Info: averageDegreeReport.pdf, page1 used on input line 453.

(pdftex.def)             Requested size: 469.75499pt x 607.9196pt.
File: averageDegreeReport.pdf Graphic file (type pdf)
 <use averageDegreeReport.pdf, page 1>
Package pdftex.def Info: averageDegreeReport.pdf, page1 used on input line 453.

(pdftex.def)             Requested size: 307.14674pt x 397.48402pt.
File: averageDegreeReport.pdf Graphic file (type pdf)

<use averageDegreeReport.pdf, page 1>
Package pdftex.def Info: averageDegreeReport.pdf, page1 used on input line 453.

(pdftex.def)             Requested size: 307.14674pt x 397.48402pt.
File: averageDegreeReport.pdf Graphic file (type pdf)
 <use averageDegreeReport.pdf, page 1>
Package pdftex.def Info: averageDegreeReport.pdf, page1 used on input line 453.

(pdftex.def)             Requested size: 307.14674pt x 397.48402pt.
File: averageDegreeReport.pdf Graphic file (type pdf)

<use averageDegreeReport.pdf, page 1>
Package pdftex.def Info: averageDegreeReport.pdf, page1 used on input line 453.

(pdftex.def)             Requested size: 307.14674pt x 397.48402pt.
 [14 <./averageDegreeReport.pdf>]
<averageDegreeReport.pdf, id=276, page=2, 614.295pt x 794.97pt>
File: averageDegreeReport.pdf Graphic file (type pdf)

<use averageDegreeReport.pdf, page 2>
Package pdftex.def Info: averageDegreeReport.pdf, page2 used on input line 453.

(pdftex.def)             Requested size: 307.14674pt x 397.48402pt.
File: averageDegreeReport.pdf Graphic file (type pdf)
 <use averageDegreeReport.pdf, page 2>
Package pdftex.def Info: averageDegreeReport.pdf, page2 used on input line 453.

(pdftex.def)             Requested size: 307.14674pt x 397.48402pt.
File: averageDegreeReport.pdf Graphic file (type pdf)

<use averageDegreeReport.pdf, page 2>
Package pdftex.def Info: averageDegreeReport.pdf, page2 used on input line 453.

(pdftex.def)             Requested size: 307.14674pt x 397.48402pt.
 [15 <./averageDegreeReport.pdf>]
<networkDiameterReport.pdf, id=282, 614.295pt x 794.97pt>
File: networkDiameterReport.pdf Graphic file (type pdf)

<use networkDiameterReport.pdf>
Package pdftex.def Info: networkDiameterReport.pdf used on input line 454.
(pdftex.def)             Requested size: 614.29349pt x 794.96806pt.
File: networkDiameterReport.pdf Graphic file (type pdf)
 <use networkDiameterReport.pdf>
Package pdftex.def Info: networkDiameterReport.pdf used on input line 454.
(pdftex.def)             Requested size: 614.29349pt x 794.96806pt.

<networkDiameterReport.pdf, id=285, page=1, 614.295pt x 794.97pt>
File: networkDiameterReport.pdf Graphic file (type pdf)

<use networkDiameterReport.pdf, page 1>
Package pdftex.def Info: networkDiameterReport.pdf, page1 used on input line 45
4.
(pdftex.def)             Requested size: 469.75499pt x 607.9196pt.
File: networkDiameterReport.pdf Graphic file (type pdf)

<use networkDiameterReport.pdf, page 1>
Package pdftex.def Info: networkDiameterReport.pdf, page1 used on input line 45
4.
(pdftex.def)             Requested size: 307.14674pt x 397.48402pt.
File: networkDiameterReport.pdf Graphic file (type pdf)

<use networkDiameterReport.pdf, page 1>
Package pdftex.def Info: networkDiameterReport.pdf, page1 used on input line 45
4.
(pdftex.def)             Requested size: 307.14674pt x 397.48402pt.
File: networkDiameterReport.pdf Graphic file (type pdf)

<use networkDiameterReport.pdf, page 1>
Package pdftex.def Info: networkDiameterReport.pdf, page1 used on input line 45
4.
(pdftex.def)             Requested size: 307.14674pt x 397.48402pt.
File: networkDiameterReport.pdf Graphic file (type pdf)

<use networkDiameterReport.pdf, page 1>
Package pdftex.def Info: networkDiameterReport.pdf, page1 used on input line 45
4.
(pdftex.def)             Requested size: 307.14674pt x 397.48402pt.
 [16 <./networkDiameterReport.pdf>]
<networkDiameterReport.pdf, id=324, page=2, 614.295pt x 794.97pt>
File: networkDiameterReport.pdf Graphic file (type pdf)

<use networkDiameterReport.pdf, page 2>
Package pdftex.def Info: networkDiameterReport.pdf, page2 used on input line 45
4.
(pdftex.def)             Requested size: 307.14674pt x 397.48402pt.
File: networkDiameterReport.pdf Graphic file (type pdf)

<use networkDiameterReport.pdf, page 2>
Package pdftex.def Info: networkDiameterReport.pdf, page2 used on input line 45
4.
(pdftex.def)             Requested size: 307.14674pt x 397.48402pt.
File: networkDiameterReport.pdf Graphic file (type pdf)

<use networkDiameterReport.pdf, page 2>
Package pdftex.def Info: networkDiameterReport.pdf, page2 used on input line 45
4.
(pdftex.def)             Requested size: 307.14674pt x 397.48402pt.
 [17 <./networkDiameterReport.pdf>]
<connectedComponentReport.pdf, id=330, 614.295pt x 794.97pt>
File: connectedComponentReport.pdf Graphic file (type pdf)

<use connectedComponentReport.pdf>
Package pdftex.def Info: connectedComponentReport.pdf used on input line 455.
(pdftex.def)             Requested size: 614.29349pt x 794.96806pt.
File: connectedComponentReport.pdf Graphic file (type pdf)
 <use connectedComponentReport.pdf>
Package pdftex.def Info: connectedComponentReport.pdf used on input line 455.
(pdftex.def)             Requested size: 614.29349pt x 794.96806pt.

<connectedComponentReport.pdf, id=333, page=1, 614.295pt x 794.97pt>
File: connectedComponentReport.pdf Graphic file (type pdf)

<use connectedComponentReport.pdf, page 1>
Package pdftex.def Info: connectedComponentReport.pdf, page1 used on input line
 455.
(pdftex.def)             Requested size: 469.75499pt x 607.9196pt.
File: connectedComponentReport.pdf Graphic file (type pdf)

<use connectedComponentReport.pdf, page 1>
Package pdftex.def Info: connectedComponentReport.pdf, page1 used on input line
 455.
(pdftex.def)             Requested size: 307.14674pt x 397.48402pt.
File: connectedComponentReport.pdf Graphic file (type pdf)

<use connectedComponentReport.pdf, page 1>
Package pdftex.def Info: connectedComponentReport.pdf, page1 used on input line
 455.
(pdftex.def)             Requested size: 307.14674pt x 397.48402pt.
File: connectedComponentReport.pdf Graphic file (type pdf)

<use connectedComponentReport.pdf, page 1>
Package pdftex.def Info: connectedComponentReport.pdf, page1 used on input line
 455.
(pdftex.def)             Requested size: 307.14674pt x 397.48402pt.
File: connectedComponentReport.pdf Graphic file (type pdf)

<use connectedComponentReport.pdf, page 1>
Package pdftex.def Info: connectedComponentReport.pdf, page1 used on input line
 455.
(pdftex.def)             Requested size: 307.14674pt x 397.48402pt.
 [18 <./connectedComponentReport.pdf>]
Underfull \hbox (badness 10000) in paragraph at lines 457--460

 []

(./Nwala_Assignment4.bbl) 
AED: lastpage setting LastPage
[19]
Package atveryend Info: Empty hook `BeforeClearDocument' on input line 477.
Package atveryend Info: Empty hook `AfterLastShipout' on input line 477.
 (./Nwala_Assignment4.aux)
Package atveryend Info: Executing hook `AtVeryEndDocument' on input line 477.
Package atveryend Info: Executing hook `AtEndAfterFileList' on input line 477.
Package rerunfilecheck Info: File `Nwala_Assignment4.out' has not changed.
(rerunfilecheck)             Checksum: 58E1A720419F084FA3F60A5BC5D57A79;135.
Package atveryend Info: Empty hook `AtVeryVeryEnd' on input line 477.
 ) 
Here is how much of TeX's memory you used:
 9561 strings out of 493304
 144652 string characters out of 6139871
 441463 words of memory out of 5000000
 12784 multiletter control sequences out of 15000+600000
 10923 words of font info for 38 fonts, out of 8000000 for 9000
 957 hyphenation exceptions out of 8191
 42i,19n,53p,323b,2084s stack positions out of 5000i,500n,10000p,200000b,80000s
{/usr/share/texlive/texmf-dist/fonts/enc/dvips/base/8r.enc}</usr/share/texliv
e/texmf-dist/fonts/type1/public/amsfonts/cm/cmbx10.pfb></usr/share/texlive/texm
f-dist/fonts/type1/public/amsfonts/cm/cmbx12.pfb></usr/share/texlive/texmf-dist
/fonts/type1/public/amsfonts/cm/cmbx9.pfb></usr/share/texlive/texmf-dist/fonts/
type1/public/amsfonts/cm/cmmi10.pfb></usr/share/texlive/texmf-dist/fonts/type1/
public/amsfonts/cm/cmr10.pfb></usr/share/texlive/texmf-dist/fonts/type1/public/
amsfonts/cm/cmr12.pfb></usr/share/texlive/texmf-dist/fonts/type1/public/amsfont
s/cm/cmr5.pfb></usr/share/texlive/texmf-dist/fonts/type1/public/amsfonts/cm/cmt
i12.pfb></usr/share/texlive/texmf-dist/fonts/type1/urw/courier/ucrr8a.pfb></usr
/share/texlive/texmf-dist/fonts/type1/urw/courier/ucrro8a.pfb>
Output written on Nwala_Assignment4.pdf (19 pages, 747929 bytes).
PDF statistics:
 424 PDF objects out of 1000 (max. 8388607)
 306 compressed objects within 4 object streams
 92 named destinations out of 1000 (max. 500000)
 160 words of extra memory for PDF output out of 10000 (max. 10000000)

